0 info it worked if it ends with ok
1 verbose cli [ '/usr/local/Cellar/node/0.12.7/bin/node',
1 verbose cli   '/usr/local/bin/npm',
1 verbose cli   'start' ]
2 info using npm@3.9.0
3 info using node@v5.4.1
4 verbose run-script [ 'prestart', 'start', 'poststart' ]
5 info lifecycle mindful@0.0.0~prestart: mindful@0.0.0
6 silly lifecycle mindful@0.0.0~prestart: no script for prestart, continuing
7 info lifecycle mindful@0.0.0~start: mindful@0.0.0
8 verbose lifecycle mindful@0.0.0~start: unsafe-perm in lifecycle true
9 verbose lifecycle mindful@0.0.0~start: PATH: /usr/local/lib/node_modules/npm/bin/node-gyp-bin:/Users/sam/code/mindful/node_modules/.bin:/usr/local/Cellar/node/0.12.7/bin:/Users/sam/.rvm/gems/ruby-2.3.0/bin:/Users/sam/.rvm/gems/ruby-2.3.0@global/bin:/Users/sam/.rvm/rubies/ruby-2.3.0/bin:/usr/local/heroku/bin:./bin:/usr/local/bin:/usr/local/sbin:/Users/sam/.dotfiles/bin:/Users/sam/Code/go/bin:/usr/local/bin:/usr/bin:/bin:/usr/sbin:/sbin:/opt/X11/bin:/opt/ImageMagick/bin:/Users/sam/.rvm/bin
10 verbose lifecycle mindful@0.0.0~start: CWD: /Users/sam/code/mindful
11 silly lifecycle mindful@0.0.0~start: Args: [ '-c', 'node ./bin/www' ]
12 silly lifecycle mindful@0.0.0~start: Returned: code: 1  signal: null
13 info lifecycle mindful@0.0.0~start: Failed to exec start script
14 verbose stack Error: mindful@0.0.0 start: `node ./bin/www`
14 verbose stack Exit status 1
14 verbose stack     at EventEmitter.<anonymous> (/usr/local/lib/node_modules/npm/lib/utils/lifecycle.js:245:16)
14 verbose stack     at emitTwo (events.js:87:13)
14 verbose stack     at EventEmitter.emit (events.js:172:7)
14 verbose stack     at ChildProcess.<anonymous> (/usr/local/lib/node_modules/npm/lib/utils/spawn.js:24:14)
14 verbose stack     at emitTwo (events.js:87:13)
14 verbose stack     at ChildProcess.emit (events.js:172:7)
14 verbose stack     at maybeClose (internal/child_process.js:821:16)
14 verbose stack     at Process.ChildProcess._handle.onexit (internal/child_process.js:211:5)
15 verbose pkgid mindful@0.0.0
16 verbose cwd /Users/sam/code/mindful
17 error Darwin 16.0.0
18 error argv "/usr/local/Cellar/node/0.12.7/bin/node" "/usr/local/bin/npm" "start"
19 error node v5.4.1
20 error npm  v3.9.0
21 error code ELIFECYCLE
22 error mindful@0.0.0 start: `node ./bin/www`
22 error Exit status 1
23 error Failed at the mindful@0.0.0 start script 'node ./bin/www'.
23 error Make sure you have the latest version of node.js and npm installed.
23 error If you do, this is most likely a problem with the mindful package,
23 error not with npm itself.
23 error Tell the author that this fails on your system:
23 error     node ./bin/www
23 error You can get information on how to open an issue for this project with:
23 error     npm bugs mindful
23 error Or if that isn't available, you can get their info via:
23 error     npm owner ls mindful
23 error There is likely additional logging output above.
24 verbose exit [ 1, true ]
